<?xml version="1.0" encoding="UTF-8"?>
<testng-results ignored="0" total="1" passed="1" failed="0" skipped="0">
  <reporter-output>
  </reporter-output>
  <suite started-at="2024-03-09T19:36:29 IST" name="Default suite" finished-at="2024-03-09T19:36:40 IST" duration-ms="10319">
    <groups>
    </groups>
    <test started-at="2024-03-09T19:36:29 IST" name="Default test" finished-at="2024-03-09T19:36:40 IST" duration-ms="10319">
      <class name="DemoWepShopTestCases.DDTestCase">
        <test-method is-config="true" signature="beforesuite()[pri:0, instance:DemoWepShopTestCases.DDTestCase@3b69e7d1]" started-at="2024-03-09T19:36:29 IST" name="beforesuite" finished-at="2024-03-09T19:36:29 IST" duration-ms="194" status="PASS">
          <reporter-output>
          </reporter-output>
        </test-method> <!-- beforesuite -->
        <test-method is-config="true" signature="beforetest()[pri:0, instance:DemoWepShopTestCases.DDTestCase@3b69e7d1]" started-at="2024-03-09T19:36:29 IST" name="beforetest" finished-at="2024-03-09T19:36:29 IST" duration-ms="2" status="PASS">
          <reporter-output>
          </reporter-output>
        </test-method> <!-- beforetest -->
        <test-method is-config="true" signature="beforeclass()[pri:0, instance:DemoWepShopTestCases.DDTestCase@3b69e7d1]" started-at="2024-03-09T19:36:29 IST" name="beforeclass" finished-at="2024-03-09T19:36:36 IST" duration-ms="6868" status="PASS">
          <reporter-output>
          </reporter-output>
        </test-method> <!-- beforeclass -->
        <test-method is-config="true" signature="beforemethod(java.lang.reflect.Method)[pri:0, instance:DemoWepShopTestCases.DDTestCase@3b69e7d1]" started-at="2024-03-09T19:36:36 IST" name="beforemethod" finished-at="2024-03-09T19:36:38 IST" duration-ms="2042" status="PASS">
          <params>
            <param index="0">
              <value>
                <![CDATA[public void DemoWepShopTestCases.DDTestCase.homepageverification()]]>
              </value>
            </param>
          </params>
          <reporter-output>
          </reporter-output>
        </test-method> <!-- beforemethod -->
        <test-method signature="homepageverification()[pri:0, instance:DemoWepShopTestCases.DDTestCase@3b69e7d1]" started-at="2024-03-09T19:36:38 IST" name="homepageverification" finished-at="2024-03-09T19:36:38 IST" duration-ms="100" status="PASS">
          <reporter-output>
          </reporter-output>
        </test-method> <!-- homepageverification -->
        <test-method is-config="true" signature="aftermethod()[pri:0, instance:DemoWepShopTestCases.DDTestCase@3b69e7d1]" started-at="2024-03-09T19:36:38 IST" name="aftermethod" finished-at="2024-03-09T19:36:39 IST" duration-ms="924" status="PASS">
          <reporter-output>
          </reporter-output>
        </test-method> <!-- aftermethod -->
        <test-method is-config="true" signature="afterclass()[pri:0, instance:DemoWepShopTestCases.DDTestCase@3b69e7d1]" started-at="2024-03-09T19:36:39 IST" name="afterclass" finished-at="2024-03-09T19:36:40 IST" duration-ms="309" status="PASS">
          <reporter-output>
          </reporter-output>
        </test-method> <!-- afterclass -->
        <test-method is-config="true" signature="aftertest()[pri:0, instance:DemoWepShopTestCases.DDTestCase@3b69e7d1]" started-at="2024-03-09T19:36:40 IST" name="aftertest" finished-at="2024-03-09T19:36:40 IST" duration-ms="1" status="PASS">
          <reporter-output>
          </reporter-output>
        </test-method> <!-- aftertest -->
        <test-method is-config="true" signature="aftersuite()[pri:0, instance:DemoWepShopTestCases.DDTestCase@3b69e7d1]" started-at="2024-03-09T19:36:40 IST" name="aftersuite" finished-at="2024-03-09T19:36:40 IST" duration-ms="559" status="PASS">
          <reporter-output>
          </reporter-output>
        </test-method> <!-- aftersuite -->
      </class> <!-- DemoWepShopTestCases.DDTestCase -->
    </test> <!-- Default test -->
  </suite> <!-- Default suite -->
</testng-results>
